# timestamp | duration | file | instruction | dir | modtime | etag | size | fileId | status | errorString | http result code | other size | other modtime | other etag | other fileId | other instruction
#=#=#=# Syncrun started 2017-07-18T11:39:14
#=#=#=#=# Propagation starts 2017-07-18T11:39:16 (last step: 1704 msec, total: 1704 msec)
01:39:16||R|INST_NEW|Up|1492575297||4096|10653653105230042dc1897|4||201|0|0|||INST_NONE|
01:39:16||CSV Data Export|INST_NEW|Up|1492569152||4096|10653653235230042dc1897|4||201|0|0|||INST_NONE|
01:39:16||Appendices|INST_NEW|Up|1491348401||4096|10653653365230042dc1897|4||201|0|0|||INST_NONE|
01:39:16||PostgreSQL|INST_NEW|Up|1492569182||4096|10653653625230042dc1897|4||201|0|0|||INST_NONE|
01:39:16||README.md|INST_NEW|Up|1478711174|a398c84204e7e7de39a6cb044ccb2ec9|14|10653653755230042dc1897|4||201|0|0|||INST_NONE|
01:39:16||LICENSE.md|INST_NEW|Up|1498452556|a56a3eda8fc8d20d2162079270bfb962|170|10653654145230042dc1897|4||201|0|0|||INST_NONE|
01:39:21||Appendices/Appendix 2 - Figures|INST_NEW|Up|1497338240||12288|10653657655230042dc1897|4||201|0|0|||INST_NONE|
01:39:21||CSV Data Export/ALL_Epigraphic_person_identity.ods|INST_NEW|Up|1479146659|ac8918164523cf565a58829b466cbced|202015|10653657785230042dc1897|4||201|0|0|||INST_NONE|
01:39:21||Appendices/Appendix 3 - Inscriptions|INST_NEW|Up|1478711255||4096|10653658045230042dc1897|4||201|0|0|||INST_NONE|
01:39:21||Appendices/Appendix 1 - Tables|INST_NEW|Up|1496301344||4096|10653658305230042dc1897|4||201|0|0|||INST_NONE|
01:39:23||CSV Data Export/Administrative_keywords.txt|INST_NEW|Up|1478711173|abd3348036f011676223bc13eb8fdff3|7662|10653658695230042dc1897|4||201|0|0|||INST_NONE|
01:39:28||Appendices/Appendix 2 - Figures/4.01a_Identification_100405.png|INST_NEW|Up|1473710134|f8c24516da664ba53682db6021c11546|12048|10653662075230042dc1897|4||201|0|0|||INST_NONE|
01:39:29||Appendices/Appendix 2 - Figures/4.04a_Object_metadata_100105.png|INST_NEW|Up|1473710134|b56f44e61a5b21460300639c2464c6cb|36986|10653662205230042dc1897|4||201|0|0|||INST_NONE|
01:39:28||Appendices/Appendix 2 - Figures/4.03a_Geography_51612.png|INST_NEW|Up|1473710130|c6ce650d620bb30e6b2af96fb60d7c48|37547|10653662465230042dc1897|4||201|0|0|||INST_NONE|
01:39:28||Appendices/Appendix 2 - Figures/4.02a_Heurist_Digitizer_100405.png|INST_NEW|Up|1473710134|604ab6b2c4d9ac10acadb5407d4116f7|248073|10653662335230042dc1897|4||201|0|0|||INST_NONE|
01:39:36||Appendices/Appendix 2 - Figures/4.07a_FiguralDecor.pdf|INST_NEW|Up|1497373406|372a8fcfffb8d0d8e2661342c087c679|1319119|10653668705230042dc1897|4||201|0|0|||INST_NONE|
01:39:35||Appendices/Appendix 2 - Figures/4.06a_ArchitecturalDecor.pdf|INST_NEW|Up|1497373532|1dd928bb75ab0e8236a15f6b83da1309|2432868|10653669225230042dc1897|4||201|0|0|||INST_NONE|
01:39:45||Appendices/Appendix 2 - Figures/4.08a_HAT_Delka_Intervalu_BW.png|INST_NEW|Up|1480939202|1bf05846ab14505e3a137ab0e810e789|12837|10653672995230042dc1897|4||201|0|0|||INST_NONE|
01:39:45||Appendices/Appendix 2 - Figures/4.09a_HAT_Sire_Datace_procentualni_new.png|INST_NEW|Up|1492568850|25a004f2f1d9d6fd1d0782a9f0a3e010|37702|10653672605230042dc1897|4||201|0|0|||INST_NONE|
01:39:45||Appendices/Appendix 2 - Figures/4.10a_MethodDating.png|INST_NEW|Up|1491362983|0510d62d528288901403684fbc563e22|65509|10653673515230042dc1897|4||201|0|0|||INST_NONE|
01:39:46||Appendices/Appendix 2 - Figures/5.01a_HAT_all_inscriptions_CZ.png|INST_NEW|Up|1488113177|7c5c841111257e9c1c07da47eb6e2fe4|2223952|10653674295230042dc1897|4||201|0|0|||INST_NONE|
01:39:52||Appendices/Appendix 2 - Figures/6.01a_HAT_6thcBC_CZ.png|INST_NEW|Up|1496468536|805781244a44db5015e1e3d5c7a7e581|1302911|10653679365230042dc1897|4||201|0|0|||INST_NONE|
01:39:53||Appendices/Appendix 2 - Figures/6.02a_HAT_5thcBC_CZ.png|INST_NEW|Up|1496468652|286ca5b561f7eed8f835eedc533227bb|1514163|10653679885230042dc1897|4||201|0|0|||INST_NONE|
01:39:59||Appendices/Appendix 2 - Figures/6.03a_HAT_4thcBC_CZ.png|INST_NEW|Up|1496467840|c12bb336e12d3466f5476e65422fed5c|1664088|10653685605230042dc1897|4||201|0|0|||INST_NONE|
01:40:00||Appendices/Appendix 2 - Figures/6.04a_HAT_3rdcBC_CZ.png|INST_NEW|Up|1496469301|26c4329e778075d1a069a1e5feb08b42|1579311|10653687945230042dc1897|4||201|0|0|||INST_NONE|
01:40:01||Appendices/Appendix 2 - Figures/4.05a_Preservation.pdf|INST_NEW|Up|1497373052|b1b3164d4af0380c5770ff4b72afa863|52091711|10653693535230042dc1897|4||201|0|0|||INST_NONE|
01:40:08||Appendices/Appendix 2 - Figures/6.05a_HAT_2ndcBC_CZ.png|INST_NEW|Up|1496469573|ad3c07cc38b24b9f83478189b3481fbb|1581392|10653694575230042dc1897|4||201|0|0|||INST_NONE|
01:40:11||Appendices/Appendix 2 - Figures/6.06a_HAT_1stcBC_CZ.png|INST_NEW|Up|1496470064|92ec2e5a6acbe7ea9a6cf9ccf549019c|1552107|10653699775230042dc1897|4||201|0|0|||INST_NONE|
01:40:16||Appendices/Appendix 2 - Figures/6.08a_HAT_2ndcAD_CZ.png|INST_NEW|Up|1496750785|85e8713873e07ed4c90759de2db320f4|2629176|10653702895230042dc1897|4||201|0|0|||INST_NONE|
01:40:14||Appendices/Appendix 2 - Figures/6.07a_HAT_1stcAD_CZ.png|INST_NEW|Up|1496750614|a053f9848d317a12c9c1906584e8a037|2642530|10653703415230042dc1897|4||201|0|0|||INST_NONE|
01:40:21||Appendices/Appendix 2 - Figures/6.09a_HAT_3rdcAD_CZ.png|INST_NEW|Up|1496751507|ee9a56f2d8800f6c146dc49b70205617|2742657|10653710175230042dc1897|4||201|0|0|||INST_NONE|
01:40:24||Appendices/Appendix 2 - Figures/6.10a_HAT_4thcAD_CZ.png|INST_NEW|Up|1496752170|6548001b6221fac233bd9251c5232874|2589570|10653712515230042dc1897|4||201|0|0|||INST_NONE|
01:40:24||Appendices/Appendix 2 - Figures/6.11a_HAT_5thcAD_CZ.png|INST_NEW|Up|1496752661|4d8cb4e494b5631992d4cb38ce24d5af|2591457|10653712775230042dc1897|4||201|0|0|||INST_NONE|
01:40:31||Appendices/Appendix 2 - Figures/6.12a_Prehled_produkce_stoleti_koeficienty.png|INST_NEW|Up|1493788590|8c695d88c496e082196331cd8c5d35de|268222|10653720835230042dc1897|4||201|0|0|||INST_NONE|
01:40:32||Appendices/Appendix 2 - Figures/6.13a_Epi_produkce_typologie.png|INST_NEW|Up|1493791271|64714543cc1a07e65b50c28c551d5359|516124|10653721485230042dc1897|4||201|0|0|||INST_NONE|
01:40:33||Appendices/Appendix 2 - Figures/6.14a_Epi_produkce_soukrome.png|INST_NEW|Up|1493795539|29349d3d716c5e5927fd4761de67edff|741920|10653721745230042dc1897|4||201|0|0|||INST_NONE|
01:40:41||Appendices/Appendix 2 - Figures/7.02a_HAT_all_buffer_cities.png|INST_NEW|Up|1488297185|fb8c293dab0b5a40e6c0ee215083d0e5|3159588|10653727855230042dc1897|4||201|0|0|||INST_NONE|
01:40:41||Appendices/Appendix 2 - Figures/7.03a_HAT_all_buffer_roads_names.png|INST_NEW|Up|1489237810|fe6e223c16f8023e82151521ec8258eb|3794447|10653728375230042dc1897|4||201|0|0|||INST_NONE|
01:40:51||Appendices/Appendix 2 - Figures/7.04a_HeatMap_20km_NEW.png|INST_NEW|Up|1488298867|8a5aa45687437b9c95ca36754f4ad5c3|1885499|10653732405230042dc1897|4||201|0|0|||INST_NONE|
01:40:51||Appendices/Appendix 2 - Figures/7.05a_Productioncenters_20kmbuffer_scale.png|INST_NEW|Up|1488300610|dbcf4ab849276c60a5107f0ccc7cd500|1832924|10653732665230042dc1897|4||201|0|0|||INST_NONE|
01:40:49||Appendices/Appendix 2 - Figures/7.01a_HAT_all_DEM.png|INST_NEW|Up|1488293616|6770b9f465e4bd8ceb3707e42460ec2f|17400702|10653736045230042dc1897|4||201|0|0|||INST_NONE|
01:41:00||Appendices/Appendix 2 - Figures/7.06a_NonUrban_Productioncenters_5kmbuffer_scale.png|INST_NEW|Up|1488303869|2f35922a66234773c8648bff1b66d90b|1893157|10653737345230042dc1897|4||201|0|0|||INST_NONE|
01:41:00||Appendices/Appendix 2 - Figures/7.07a_Cities_buffer_public_inscriptions_NEW.png|INST_NEW|Up|1496304686|bebfa75226f0f58daaf763f8361262f3|2660514|10653737735230042dc1897|4||201|0|0|||INST_NONE|
01:41:04||Appendices/Appendix 2 - Figures/7.08a_Milestones_date_20km_name.png|INST_NEW|Up|1489237500|af1630c1e1a8fccaf65aecfb2874fa09|1176200|10653742155230042dc1897|4||201|0|0|||INST_NONE|
01:41:08||Appendices/Appendix 2 - Figures/7.09a_Cities_buffer_private_inscriptions_NEW.png|INST_NEW|Up|1496304945|fcd7201309dbf6f331accd1c661c64a0|3175299|10653743455230042dc1897|4||201|0|0|||INST_NONE|
01:41:08||Appendices/Appendix 2 - Figures/7.10a_Funerary_citiesroads.png|INST_NEW|Up|1488320767|a7fe5173ccba806eb0b8adcbd608fb08|3307345|10653744885230042dc1897|4||201|0|0|||INST_NONE|
01:41:12||Appendices/Appendix 2 - Figures/7.11a_Funerary_heatmap20km.png|INST_NEW|Up|1488326525|e80159a55bca8052f6c3da3499f5d0b1|1897261|10653748005230042dc1897|4||201|0|0|||INST_NONE|
01:41:17||Appendices/Appendix 2 - Figures/Cities_buffer_typology_inscriptions.png|INST_NEW|Up|1488110917|5549c548be7e76d2415483aa2c13939d|2875572|10653751255230042dc1897|4||201|0|0|||INST_NONE|
01:41:27||Appendices/Appendix 2 - Figures/EpigraphicProduction_ALL.png|INST_NEW|Up|1485897909|50a8726207b3b3a3808155c4264dffe7|15320|10653755675230042dc1897|4||201|0|0|||INST_NONE|
01:41:27||Appendices/Appendix 2 - Figures/EpigraphicProduction_Private.png|INST_NEW|Up|1485899485|7f7f32a97ed5510377f2a4ea7311bc32|32345|10653755545230042dc1897|4||201|0|0|||INST_NONE|
01:41:22||Appendices/Appendix 2 - Figures/7.12a_Dedications_elevations_dem.png|INST_NEW|Up|1488322320|6066666699056211154b153d102dfcb2|17416773|10653760745230042dc1897|4||201|0|0|||INST_NONE|
01:41:32||Appendices/Appendix 2 - Figures/EpigraphicProduction_Typology.png|INST_NEW|Up|1485898080|504ec8d45e42eea13ac3f8d4cba93cd7|31382|10653760485230042dc1897|4||201|0|0|||INST_NONE|
01:41:33||Appendices/Appendix 2 - Figures/HAT_1stAD_CZ_nostates.png|INST_NEW|Up|1485347131|3fdc1e13fb5beededc75a80595d852d2|2950272|10653762045230042dc1897|4||201|0|0|||INST_NONE|
01:41:42||Appendices/Appendix 2 - Figures/HAT_2ndcAD_CZ_nostates.png|INST_NEW|Up|1485347061|fb4bde29f7530cab4157cd06431032aa|2993577|10653770495230042dc1897|4||201|0|0|||INST_NONE|
01:43:29||Appendices/Appendix 2 - Figures/Cities_buffer_typology_inscriptions.tif|INST_NEW|Up|1488110935|a92af8c6791e76dcde5ec594974178b1|96646254|10653853305230042dc1897|4||201|0|0|||INST_NONE|
01:43:57||Appendices/Appendix 2 - Figures/HAT_3rdcAD_CZ_nostates.png|INST_NEW|Up|1485342768|6e9a6afe9ec1a9faa2a843c57ab3a77d|3071484|10653859935230042dc1897|4||201|0|0|||INST_NONE|
01:43:37||Appendices/Appendix 2 - Figures/HAT_1stcAD_CZ_nostates.tif|INST_NEW|Up|1485347143|15ef73d8c857fd6220cc9c5ce783c8b2|96646254|10653863315230042dc1897|4||201|0|0|||INST_NONE|
01:44:15||Appendices/Appendix 2 - Figures/HAT_4thcAD_CZ_nostates.png|INST_NEW|Up|1485346871|69a7bbe267622744569c2764d41c8c37|2935222|10653869035230042dc1897|4||201|0|0|||INST_NONE|
01:43:54||Appendices/Appendix 2 - Figures/HAT_2ndcAD_CZ_nostates.tif|INST_NEW|Up|1485347048|b8079b3eededb4b3eff53ccee70b3d62|96646254|10653872675230042dc1897|4||201|0|0|||INST_NONE|
01:44:29||Appendices/Appendix 2 - Figures/HAT_4thcBC_CZ_material.png|INST_NEW|Up|1482073160|2b4f9c123ed938f87f9576072e295000|1606928|10653879435230042dc1897|4||201|0|0|||INST_NONE|
01:44:41||Appendices/Appendix 2 - Figures/HAT_5thcAD_CZ_nostates.png|INST_NEW|Up|1485346972|e969907d33475b8231e7840b139f3a67|3015037|10653886975230042dc1897|4||201|0|0|||INST_NONE|
01:45:41||Appendices/Appendix 2 - Figures/HAT_3rdcAD_CZ_nostates.tif|INST_NEW|Up|1485342790|5f464fda5c0bf4d3413ec6ca9dcb8ba2|96646254|10653938715230042dc1897|4||201|0|0|||INST_NONE|
01:46:16||Appendices/Appendix 2 - Figures/HAT_Sire_Datace_procentualni.gif|INST_NEW|Up|1483364328|533f6ec4a4b1aa4606be5935c4c54a32|32460|10653945345230042dc1897|4||201|0|0|||INST_NONE|
01:46:16||Appendices/Appendix 2 - Figures/HAT_all_buffer_roads.png|INST_NEW|Up|1488297856|1c0bad36ff614264c74ec3b34555e554|4253895|10653948465230042dc1897|4||201|0|0|||INST_NONE|
01:46:19||Appendices/Appendix 2 - Figures/HAT_4thcAD_CZ_nostates.tif|INST_NEW|Up|1485346846|e98198db08a37d034849ec678a048169|96646254|10653956915230042dc1897|4||201|0|0|||INST_NONE|
||Appendices/Appendix 2 - Figures/HAT_5thcAD_CZ_nostates.tif|INST_NEW|Up|1485346988||96646254||2|The server did not acknowledge the last chunk. (No e-tag was present)|201|0|0|||INST_NONE|
01:46:44||Appendices/Appendix 2 - Figures/HAT_all_inscriptions_ENG.png|INST_NEW|Up|1478786114|0795ea13ab03f6505e5a915ce3255011|1123970|10653962115230042dc1897|4||201|0|0|||INST_NONE|
01:46:47||Appendices/Appendix 2 - Figures/HAT_language_all_inscriptions_ENG.png|INST_NEW|Up|1478861252|1d0356c8acd7d9680291c77978dd8662|1183590|10653964845230042dc1897|4||201|0|0|||INST_NONE|
01:46:52||Appendices/Appendix 2 - Figures/HAT_vyvoj_pomeru_jmen_pohlavi.png|INST_NEW|Up|1482272446|1e8c7243c0a81c65beb0083f1915547a|42144|10653968875230042dc1897|4||201|0|0|||INST_NONE|
01:46:52||Appendices/Appendix 2 - Figures/HeatMap_20km.png|INST_NEW|Up|1487970522|bfb3a5b45448334bc98f36bdba02dbc7|2002007|10653969395230042dc1897|4||201|0|0|||INST_NONE|
01:47:03||Appendices/Appendix 2 - Figures/HeatMap_50km.png|INST_NEW|Up|1487970881|4131bd19c4a9c0ab809b573b61d5f4f2|1973384|10653975895230042dc1897|4||201|0|0|||INST_NONE|
01:48:50||Appendices/Appendix 2 - Figures/HAT_all_buffer_roads.tif|INST_NEW|Up|1488297875|e4b6a832c530481ac412803cefafc875|96646254|10654053245230042dc1897|4||201|0|0|||INST_NONE|
01:48:52||Appendices/Appendix 2 - Figures/HeatMap_20km.tif|INST_NEW|Up|1487970541|7e9fb78984b06548b24245e82de78af0|96646254|10654056105230042dc1897|4||201|0|0|||INST_NONE|
01:49:13||Appendices/Appendix 2 - Figures/HeatMap_Distance.png|INST_NEW|Up|1488110528|1a45deb70b7f59876d5556ba9e812907|2748197|10654059485230042dc1897|4||201|0|0|||INST_NONE|
01:49:21||Appendices/Appendix 2 - Figures/Milestones_date.png|INST_NEW|Up|1488112983|8a65595845265aaf8b9b907bef236618|1465337|10654063515230042dc1897|4||201|0|0|||INST_NONE|
01:49:14||Appendices/Appendix 2 - Figures/HeatMap_50km.tif|INST_NEW|Up|1487970894|229d2d25f5171034ff3c525c4d875cb3|96646254|10654066505230042dc1897|4||201|0|0|||INST_NONE|
01:49:33||Appendices/Appendix 2 - Figures/Milestones_date_20km.png|INST_NEW|Up|1488113498|a8c6f8b8170f8ba68b4e4633606f2575|1152764|10654070665230042dc1897|4||201|0|0|||INST_NONE|
||Appendices/Appendix 2 - Figures/HeatMap_Distance.tif|INST_NEW|Up|1488110503||96646254||3|Operation canceled|0|0|0|||INST_NONE|
||Appendices/Appendix 2 - Figures/Milestones_date.tif|INST_NEW|Up|1488112996||34789622||3|Operation canceled|0|0|0|||INST_NONE|
||Appendices/Appendix 2 - Figures/Milestones_date_20km.tif|INST_NEW|Up|1488113516||34789622||3|Operation canceled|0|0|0|||INST_NONE|
#=#=#=# Syncrun finished 2017-07-18T11:50:07 (last step: 651526 msec, total: 653230 msec)
#=#=#=# Syncrun started 2017-07-18T11:50:48
#=#=#=# Syncrun finished 2017-07-18T11:50:49 (last step: 1462 msec, total: 1462 msec)
#=#=#=# Syncrun started 2017-07-18T11:51:03
#=#=#=# Syncrun finished 2017-07-18T11:51:04 (last step: 1282 msec, total: 1282 msec)
#=#=#=# Syncrun started 2017-07-18T11:51:30
#=#=#=# Syncrun finished 2017-07-18T11:51:32 (last step: 1727 msec, total: 1727 msec)
